2026-02-11T12:03:06.072Z [INFO] [Lingo.dev] 游닌 Received: POST /translations/en
2026-02-11T12:03:06.105Z [INFO] [Lingo.dev] 游댃 Processing: POST /translations/en
2026-02-11T12:03:06.253Z [DEBUG] [Lingo.dev] POST /translations/en
2026-02-11T12:03:06.268Z [DEBUG] [Lingo.dev] Reading request body...
2026-02-11T12:03:06.275Z [DEBUG] [Lingo.dev] Chunk read, body: {"hashes":["8818ca53e31c","86dbb9f023f2"]}
2026-02-11T12:03:06.287Z [DEBUG] [Lingo.dev] Parsed hashes: 8818ca53e31c,86dbb9f023f2
2026-02-11T12:03:06.299Z [DEBUG] [Lingo.dev] Reloaded metadata: 5 entries
2026-02-11T12:03:06.308Z [INFO] [Lingo.dev] 游댃 Translating 2 hashes to en
2026-02-11T12:03:06.317Z [DEBUG] [Lingo.dev] 游댃 Hashes: 8818ca53e31c, 86dbb9f023f2
2026-02-11T12:03:06.330Z [DEBUG] [Lingo.dev] [BUSY] Server is now busy (1 active)
2026-02-11T12:03:06.621Z [DEBUG] [Lingo.dev] [IDLE] Server is now idle
2026-02-11T12:03:06.770Z [DEBUG] [Lingo.dev] WebSocket client connected. Total clients: 1
2026-02-11T12:03:06.899Z [INFO] [Lingo.dev] 游닌 Received: OPTIONS /translations/en
2026-02-11T12:03:06.901Z [INFO] [Lingo.dev] 游댃 Processing: OPTIONS /translations/en
2026-02-11T12:03:06.904Z [DEBUG] [Lingo.dev] OPTIONS /translations/en
2026-02-11T12:03:06.905Z [INFO] [Lingo.dev] 游닌 Received: POST /translations/en
2026-02-11T12:03:06.907Z [INFO] [Lingo.dev] 游댃 Processing: POST /translations/en
2026-02-11T12:03:06.908Z [DEBUG] [Lingo.dev] POST /translations/en
2026-02-11T12:03:06.909Z [DEBUG] [Lingo.dev] Reading request body...
2026-02-11T12:03:06.909Z [DEBUG] [Lingo.dev] Chunk read, body: {"hashes":["55eb5b1b16fd","8c8f26e46291","ed4d08d52b4d"]}
2026-02-11T12:03:06.910Z [DEBUG] [Lingo.dev] Parsed hashes: 55eb5b1b16fd,8c8f26e46291,ed4d08d52b4d
2026-02-11T12:03:06.911Z [DEBUG] [Lingo.dev] Reloaded metadata: 5 entries
2026-02-11T12:03:06.912Z [INFO] [Lingo.dev] 游댃 Translating 3 hashes to en
2026-02-11T12:03:06.912Z [DEBUG] [Lingo.dev] 游댃 Hashes: 55eb5b1b16fd, 8c8f26e46291, ed4d08d52b4d
2026-02-11T12:03:06.914Z [DEBUG] [Lingo.dev] [BUSY] Server is now busy (1 active)
2026-02-11T12:03:07.406Z [DEBUG] [Lingo.dev] [IDLE] Server is now idle
2026-02-11T12:04:39.392Z [INFO] [Lingo.dev] 游닌 Received: OPTIONS /translations/en
2026-02-11T12:04:39.395Z [INFO] [Lingo.dev] 游댃 Processing: OPTIONS /translations/en
2026-02-11T12:04:39.397Z [DEBUG] [Lingo.dev] OPTIONS /translations/en
2026-02-11T12:04:39.400Z [INFO] [Lingo.dev] 游닌 Received: POST /translations/en
2026-02-11T12:04:39.403Z [INFO] [Lingo.dev] 游댃 Processing: POST /translations/en
2026-02-11T12:04:39.404Z [DEBUG] [Lingo.dev] POST /translations/en
2026-02-11T12:04:39.406Z [DEBUG] [Lingo.dev] Reading request body...
2026-02-11T12:04:39.407Z [DEBUG] [Lingo.dev] Chunk read, body: {"hashes":["16d0f37119f9"]}
2026-02-11T12:04:39.411Z [DEBUG] [Lingo.dev] Parsed hashes: 16d0f37119f9
2026-02-11T12:04:39.412Z [DEBUG] [Lingo.dev] Reloaded metadata: 6 entries
2026-02-11T12:04:39.413Z [INFO] [Lingo.dev] 游댃 Translating 1 hashes to en
2026-02-11T12:04:39.414Z [DEBUG] [Lingo.dev] 游댃 Hashes: 16d0f37119f9
2026-02-11T12:04:39.415Z [DEBUG] [Lingo.dev] [BUSY] Server is now busy (1 active)
2026-02-11T12:04:39.900Z [DEBUG] [Lingo.dev] [IDLE] Server is now idle
2026-02-11T12:10:05.528Z [INFO] [Lingo.dev] 游닌 Received: POST /translations/en
2026-02-11T12:10:05.536Z [INFO] [Lingo.dev] 游댃 Processing: POST /translations/en
2026-02-11T12:10:05.631Z [DEBUG] [Lingo.dev] POST /translations/en
2026-02-11T12:10:05.670Z [DEBUG] [Lingo.dev] Reading request body...
2026-02-11T12:10:05.710Z [DEBUG] [Lingo.dev] Chunk read, body: {"hashes":["04e2e75638d0","e40d20b34aa2","dd36daa8e393","575bf953aa06"]}
2026-02-11T12:10:05.725Z [DEBUG] [Lingo.dev] Parsed hashes: 04e2e75638d0,e40d20b34aa2,dd36daa8e393,575bf953aa06
2026-02-11T12:10:05.729Z [INFO] [Lingo.dev] 游닌 Received: POST /translations/en
2026-02-11T12:10:05.732Z [INFO] [Lingo.dev] 游댃 Processing: POST /translations/en
2026-02-11T12:10:05.733Z [DEBUG] [Lingo.dev] POST /translations/en
2026-02-11T12:10:05.734Z [DEBUG] [Lingo.dev] Reading request body...
2026-02-11T12:10:05.736Z [DEBUG] [Lingo.dev] Chunk read, body: {"hashes":["8818ca53e31c","86dbb9f023f2"]}
2026-02-11T12:10:05.737Z [DEBUG] [Lingo.dev] Parsed hashes: 8818ca53e31c,86dbb9f023f2
2026-02-11T12:10:05.738Z [DEBUG] [Lingo.dev] Reloaded metadata: 10 entries
2026-02-11T12:10:05.739Z [INFO] [Lingo.dev] 游댃 Translating 4 hashes to en
2026-02-11T12:10:05.740Z [DEBUG] [Lingo.dev] 游댃 Hashes: 04e2e75638d0, e40d20b34aa2, dd36daa8e393, 575bf953aa06
2026-02-11T12:10:05.741Z [DEBUG] [Lingo.dev] [BUSY] Server is now busy (1 active)
2026-02-11T12:10:05.742Z [DEBUG] [Lingo.dev] Reloaded metadata: 10 entries
2026-02-11T12:10:05.743Z [INFO] [Lingo.dev] 游댃 Translating 2 hashes to en
2026-02-11T12:10:05.744Z [DEBUG] [Lingo.dev] 游댃 Hashes: 8818ca53e31c, 86dbb9f023f2
2026-02-11T12:10:05.745Z [INFO] [Lingo.dev] 游닌 Received: POST /translations/en
2026-02-11T12:10:05.746Z [INFO] [Lingo.dev] 游댃 Processing: POST /translations/en
2026-02-11T12:10:05.747Z [DEBUG] [Lingo.dev] POST /translations/en
2026-02-11T12:10:05.749Z [DEBUG] [Lingo.dev] Reading request body...
2026-02-11T12:10:05.749Z [DEBUG] [Lingo.dev] Chunk read, body: {"hashes":["04e2e75638d0","e40d20b34aa2","dd36daa8e393","575bf953aa06"]}
2026-02-11T12:10:05.750Z [DEBUG] [Lingo.dev] Parsed hashes: 04e2e75638d0,e40d20b34aa2,dd36daa8e393,575bf953aa06
2026-02-11T12:10:05.751Z [DEBUG] [Lingo.dev] Reloaded metadata: 10 entries
2026-02-11T12:10:05.751Z [INFO] [Lingo.dev] 游댃 Translating 4 hashes to en
2026-02-11T12:10:05.752Z [DEBUG] [Lingo.dev] 游댃 Hashes: 04e2e75638d0, e40d20b34aa2, dd36daa8e393, 575bf953aa06
2026-02-11T12:10:05.753Z [DEBUG] [Lingo.dev] WebSocket client disconnected. Total clients: 0
2026-02-11T12:10:06.192Z [DEBUG] [Lingo.dev] [IDLE] Server is now idle
2026-02-11T12:10:06.477Z [DEBUG] [Lingo.dev] WebSocket client connected. Total clients: 1
2026-02-11T12:10:26.127Z [INFO] [Lingo.dev] 游닌 Received: POST /translations/en
2026-02-11T12:10:26.136Z [INFO] [Lingo.dev] 游댃 Processing: POST /translations/en
2026-02-11T12:10:26.180Z [DEBUG] [Lingo.dev] POST /translations/en
2026-02-11T12:10:26.215Z [DEBUG] [Lingo.dev] Reading request body...
2026-02-11T12:10:26.232Z [DEBUG] [Lingo.dev] Chunk read, body: {"hashes":["8818ca53e31c","86dbb9f023f2"]}
2026-02-11T12:10:26.238Z [DEBUG] [Lingo.dev] Parsed hashes: 8818ca53e31c,86dbb9f023f2
2026-02-11T12:10:26.242Z [INFO] [Lingo.dev] 游닌 Received: POST /translations/en
2026-02-11T12:10:26.245Z [INFO] [Lingo.dev] 游댃 Processing: POST /translations/en
2026-02-11T12:10:26.248Z [DEBUG] [Lingo.dev] POST /translations/en
2026-02-11T12:10:26.251Z [DEBUG] [Lingo.dev] Reading request body...
2026-02-11T12:10:26.254Z [DEBUG] [Lingo.dev] Chunk read, body: {"hashes":["8818ca53e31c","86dbb9f023f2"]}
2026-02-11T12:10:26.262Z [DEBUG] [Lingo.dev] Parsed hashes: 8818ca53e31c,86dbb9f023f2
2026-02-11T12:10:26.273Z [INFO] [Lingo.dev] 游닌 Received: POST /translations/en
2026-02-11T12:10:26.288Z [INFO] [Lingo.dev] 游댃 Processing: POST /translations/en
2026-02-11T12:10:26.294Z [DEBUG] [Lingo.dev] POST /translations/en
2026-02-11T12:10:26.301Z [DEBUG] [Lingo.dev] Reading request body...
2026-02-11T12:10:26.304Z [DEBUG] [Lingo.dev] Chunk read, body: {"hashes":["8818ca53e31c","86dbb9f023f2"]}
2026-02-11T12:10:26.309Z [DEBUG] [Lingo.dev] Parsed hashes: 8818ca53e31c,86dbb9f023f2
2026-02-11T12:10:26.317Z [DEBUG] [Lingo.dev] Reloaded metadata: 14 entries
2026-02-11T12:10:26.324Z [INFO] [Lingo.dev] 游댃 Translating 2 hashes to en
2026-02-11T12:10:26.326Z [DEBUG] [Lingo.dev] 游댃 Hashes: 8818ca53e31c, 86dbb9f023f2
2026-02-11T12:10:26.328Z [DEBUG] [Lingo.dev] [BUSY] Server is now busy (1 active)
2026-02-11T12:10:26.328Z [DEBUG] [Lingo.dev] Reloaded metadata: 14 entries
2026-02-11T12:10:26.329Z [INFO] [Lingo.dev] 游댃 Translating 2 hashes to en
2026-02-11T12:10:26.330Z [DEBUG] [Lingo.dev] 游댃 Hashes: 8818ca53e31c, 86dbb9f023f2
2026-02-11T12:10:26.331Z [DEBUG] [Lingo.dev] Reloaded metadata: 14 entries
2026-02-11T12:10:26.332Z [INFO] [Lingo.dev] 游댃 Translating 2 hashes to en
2026-02-11T12:10:26.333Z [DEBUG] [Lingo.dev] 游댃 Hashes: 8818ca53e31c, 86dbb9f023f2
2026-02-11T12:10:26.683Z [DEBUG] [Lingo.dev] [IDLE] Server is now idle
2026-02-11T12:10:27.099Z [INFO] [Lingo.dev] 游닌 Received: POST /translations/en
2026-02-11T12:10:27.101Z [INFO] [Lingo.dev] 游댃 Processing: POST /translations/en
2026-02-11T12:10:27.148Z [DEBUG] [Lingo.dev] POST /translations/en
2026-02-11T12:10:27.171Z [DEBUG] [Lingo.dev] Reading request body...
2026-02-11T12:10:27.183Z [DEBUG] [Lingo.dev] Chunk read, body: {"hashes":["8818ca53e31c","86dbb9f023f2"]}
2026-02-11T12:10:27.186Z [DEBUG] [Lingo.dev] Parsed hashes: 8818ca53e31c,86dbb9f023f2
2026-02-11T12:10:27.189Z [DEBUG] [Lingo.dev] Reloaded metadata: 14 entries
2026-02-11T12:10:27.190Z [INFO] [Lingo.dev] 游댃 Translating 2 hashes to en
2026-02-11T12:10:27.191Z [DEBUG] [Lingo.dev] 游댃 Hashes: 8818ca53e31c, 86dbb9f023f2
2026-02-11T12:10:27.192Z [DEBUG] [Lingo.dev] [BUSY] Server is now busy (1 active)
2026-02-11T12:10:27.605Z [DEBUG] [Lingo.dev] [IDLE] Server is now idle
2026-02-11T12:10:34.712Z [INFO] [Lingo.dev] 游닌 Received: POST /translations/en
2026-02-11T12:10:34.714Z [INFO] [Lingo.dev] 游댃 Processing: POST /translations/en
2026-02-11T12:10:34.733Z [DEBUG] [Lingo.dev] POST /translations/en
2026-02-11T12:10:34.741Z [DEBUG] [Lingo.dev] Reading request body...
2026-02-11T12:10:34.746Z [DEBUG] [Lingo.dev] Chunk read, body: {"hashes":["8818ca53e31c","86dbb9f023f2"]}
2026-02-11T12:10:34.748Z [DEBUG] [Lingo.dev] Parsed hashes: 8818ca53e31c,86dbb9f023f2
2026-02-11T12:10:34.750Z [DEBUG] [Lingo.dev] Reloaded metadata: 14 entries
2026-02-11T12:10:34.751Z [INFO] [Lingo.dev] 游댃 Translating 2 hashes to en
2026-02-11T12:10:34.753Z [DEBUG] [Lingo.dev] 游댃 Hashes: 8818ca53e31c, 86dbb9f023f2
2026-02-11T12:10:34.754Z [DEBUG] [Lingo.dev] [BUSY] Server is now busy (1 active)
2026-02-11T12:10:35.215Z [DEBUG] [Lingo.dev] [IDLE] Server is now idle
2026-02-11T12:11:29.382Z [INFO] [Lingo.dev] 游닌 Received: POST /translations/en
2026-02-11T12:11:29.458Z [INFO] [Lingo.dev] 游댃 Processing: POST /translations/en
2026-02-11T12:11:29.504Z [DEBUG] [Lingo.dev] POST /translations/en
2026-02-11T12:11:29.517Z [DEBUG] [Lingo.dev] Reading request body...
2026-02-11T12:11:29.533Z [DEBUG] [Lingo.dev] Chunk read, body: {"hashes":["8818ca53e31c","86dbb9f023f2"]}
2026-02-11T12:11:29.541Z [DEBUG] [Lingo.dev] Parsed hashes: 8818ca53e31c,86dbb9f023f2
2026-02-11T12:11:29.554Z [DEBUG] [Lingo.dev] Reloaded metadata: 14 entries
2026-02-11T12:11:29.567Z [INFO] [Lingo.dev] 游댃 Translating 2 hashes to en
2026-02-11T12:11:29.583Z [DEBUG] [Lingo.dev] 游댃 Hashes: 8818ca53e31c, 86dbb9f023f2
2026-02-11T12:11:29.601Z [DEBUG] [Lingo.dev] [BUSY] Server is now busy (1 active)
2026-02-11T12:11:29.612Z [DEBUG] [Lingo.dev] WebSocket client disconnected. Total clients: 0
2026-02-11T12:11:29.966Z [DEBUG] [Lingo.dev] [IDLE] Server is now idle
2026-02-11T12:11:29.992Z [DEBUG] [Lingo.dev] WebSocket client connected. Total clients: 1
2026-02-11T12:11:30.154Z [INFO] [Lingo.dev] 游닌 Received: OPTIONS /translations/en
2026-02-11T12:11:30.156Z [INFO] [Lingo.dev] 游댃 Processing: OPTIONS /translations/en
2026-02-11T12:11:30.157Z [DEBUG] [Lingo.dev] OPTIONS /translations/en
2026-02-11T12:11:30.160Z [INFO] [Lingo.dev] 游닌 Received: POST /translations/en
2026-02-11T12:11:30.164Z [INFO] [Lingo.dev] 游댃 Processing: POST /translations/en
2026-02-11T12:11:30.166Z [DEBUG] [Lingo.dev] POST /translations/en
2026-02-11T12:11:30.168Z [DEBUG] [Lingo.dev] Reading request body...
2026-02-11T12:11:30.170Z [DEBUG] [Lingo.dev] Chunk read, body: {"hashes":["a9465ac4f84f","69c45ff6e85f","71a088aa0999","a24cd471d8c4"]}
2026-02-11T12:11:30.171Z [DEBUG] [Lingo.dev] Parsed hashes: a9465ac4f84f,69c45ff6e85f,71a088aa0999,a24cd471d8c4
2026-02-11T12:11:30.172Z [DEBUG] [Lingo.dev] Reloaded metadata: 14 entries
2026-02-11T12:11:30.173Z [INFO] [Lingo.dev] 游댃 Translating 4 hashes to en
2026-02-11T12:11:30.174Z [DEBUG] [Lingo.dev] 游댃 Hashes: a9465ac4f84f, 69c45ff6e85f, 71a088aa0999, a24cd471d8c4
2026-02-11T12:11:30.175Z [DEBUG] [Lingo.dev] [BUSY] Server is now busy (1 active)
2026-02-11T12:11:30.664Z [DEBUG] [Lingo.dev] [IDLE] Server is now idle
